<?xml version="1.0" encoding="UTF-8" standalone="no"?>
<testsuite errors="0" failures="1" name="io.cucumber.core.plugin.JUnitFormatter" skipped="0" tests="2" time="28.571">
    <testcase classname="Free CRM Create Contacts" name="Free CRM Create a new contact scenario" time="17.346">
        <failure message="Unable to locate element: //a[contains(@href, 'contacts')]//parent::div&#10;For documentation on this error, please visit: https://www.seleniumhq.org/exceptions/no_such_element.html&#10;Build info: version: '3.141.59', revision: 'e82be7d358', time: '2018-11-14T08:17:03'&#10;System info: host: 'Loyolas-MBP', ip: 'fe80:0:0:0:181d:a08e:1cf5:e48c%en0', os.name: 'Mac OS X', os.arch: 'x86_64', os.version: '13.3.1', java.version: '17.0.6'&#10;Driver info: org.openqa.selenium.firefox.FirefoxDriver&#10;Capabilities {acceptInsecureCerts: true, browserName: firefox, browserVersion: 111.0.1, javascriptEnabled: true, moz:accessibilityChecks: false, moz:buildID: 20230321111920, moz:geckodriverVersion: 0.33.0, moz:headless: false, moz:platformVersion: 22.4.0, moz:processID: 24867, moz:profile: /var/folders/hd/k0sss5ss03d..., moz:shutdownTimeout: 60000, moz:useNonSpecCompliantPointerOrigin: false, moz:webdriverClick: true, moz:windowless: false, pageLoadStrategy: normal, platform: MAC, platformName: MAC, proxy: Proxy(), setWindowRect: true, strictFileInteractability: false, timeouts: {implicit: 0, pageLoad: 300000, script: 30000}, unhandledPromptBehavior: dismiss and notify}&#10;Session ID: ea7919b8-1d5e-4a35-a3e6-470c1b3db19c&#10;*** Element info: {Using=xpath, value=//a[contains(@href, 'contacts')]//parent::div}" type="org.openqa.selenium.NoSuchElementException"><![CDATA[Given User is already on Login Page.........................................passed
When Title of login page is Free CRM........................................passed
Then User enters "naveen909loy@gmail.com" and "LOYola909"...................passed
Then User clicks on login button............................................passed
Then User is on home page...................................................passed
Then User clicks on Add Contact button......................................failed
Then user move to new contact page..........................................skipped
Then user enters contact details "liliana" and "dsouza" and "metro".........skipped
Then user clicks on Save button.............................................skipped
Then close browser..........................................................skipped

StackTrace:
org.openqa.selenium.NoSuchElementException: Unable to locate element: //a[contains(@href, 'contacts')]//parent::div
For documentation on this error, please visit: https://www.seleniumhq.org/exceptions/no_such_element.html
Build info: version: '3.141.59', revision: 'e82be7d358', time: '2018-11-14T08:17:03'
System info: host: 'Loyolas-MBP', ip: 'fe80:0:0:0:181d:a08e:1cf5:e48c%en0', os.name: 'Mac OS X', os.arch: 'x86_64', os.version: '13.3.1', java.version: '17.0.6'
Driver info: org.openqa.selenium.firefox.FirefoxDriver
Capabilities {acceptInsecureCerts: true, browserName: firefox, browserVersion: 111.0.1, javascriptEnabled: true, moz:accessibilityChecks: false, moz:buildID: 20230321111920, moz:geckodriverVersion: 0.33.0, moz:headless: false, moz:platformVersion: 22.4.0, moz:processID: 24867, moz:profile: /var/folders/hd/k0sss5ss03d..., moz:shutdownTimeout: 60000, moz:useNonSpecCompliantPointerOrigin: false, moz:webdriverClick: true, moz:windowless: false, pageLoadStrategy: normal, platform: MAC, platformName: MAC, proxy: Proxy(), setWindowRect: true, strictFileInteractability: false, timeouts: {implicit: 0, pageLoad: 300000, script: 30000}, unhandledPromptBehavior: dismiss and notify}
Session ID: ea7919b8-1d5e-4a35-a3e6-470c1b3db19c
*** Element info: {Using=xpath, value=//a[contains(@href, 'contacts')]//parent::div}
	at java.base/jdk.internal.reflect.NativeConstructorAccessorImpl.newInstance0(Native Method)
	at java.base/jdk.internal.reflect.NativeConstructorAccessorImpl.newInstance(NativeConstructorAccessorImpl.java:77)
	at java.base/jdk.internal.reflect.DelegatingConstructorAccessorImpl.newInstance(DelegatingConstructorAccessorImpl.java:45)
	at java.base/java.lang.reflect.Constructor.newInstanceWithCaller(Constructor.java:499)
	at java.base/java.lang.reflect.Constructor.newInstance(Constructor.java:480)
	at org.openqa.selenium.remote.http.W3CHttpResponseCodec.createException(W3CHttpResponseCodec.java:187)
	at org.openqa.selenium.remote.http.W3CHttpResponseCodec.decode(W3CHttpResponseCodec.java:122)
	at org.openqa.selenium.remote.http.W3CHttpResponseCodec.decode(W3CHttpResponseCodec.java:49)
	at org.openqa.selenium.remote.HttpCommandExecutor.execute(HttpCommandExecutor.java:158)
	at org.openqa.selenium.remote.service.DriverCommandExecutor.execute(DriverCommandExecutor.java:83)
	at org.openqa.selenium.remote.RemoteWebDriver.execute(RemoteWebDriver.java:552)
	at org.openqa.selenium.remote.RemoteWebDriver.findElement(RemoteWebDriver.java:323)
	at org.openqa.selenium.remote.RemoteWebDriver.findElementByXPath(RemoteWebDriver.java:428)
	at org.openqa.selenium.By$ByXPath.findElement(By.java:353)
	at org.openqa.selenium.remote.RemoteWebDriver.findElement(RemoteWebDriver.java:315)
	at stepDefinitions.LoginStepDefinition.user_clicks_on_add_contact_button(LoginStepDefinition.java:60)
	at âœ½.User clicks on Add Contact button(file:///Users/loyoladsouza/Desktop/QA/SeleniumWorkspace/FreeCrmBDDFramework/src/main/java/Features/contact.feature:10)
]]></failure>
    </testcase>
    <testcase classname="Free CRM Create Contacts" name="Free CRM Create a new contact scenario 2" time="10.975">
        <system-out><![CDATA[Given User is already on Login Page.........................................passed
When Title of login page is Free CRM........................................passed
Then User enters "naveen909loy@gmail.com" and "LOYola909"...................passed
Then User clicks on login button............................................passed
Then User is on home page...................................................passed
Then User clicks on Add Contact button......................................passed
Then user move to new contact page..........................................passed
Then user enters contact details "Mathew" and "Perry" and "douche"..........passed
Then user clicks on Save button.............................................passed
Then close browser..........................................................passed
]]></system-out>
    </testcase>
</testsuite>
